<?xml version="1.0" encoding="UTF-8"?>
<testng-results ignored="0" total="1" passed="1" failed="0" skipped="0">
  <reporter-output>
  </reporter-output>
  <suite started-at="2025-04-03T23:09:52 IST" name="Default suite" finished-at="2025-04-03T23:10:12 IST" duration-ms="20088">
    <groups>
    </groups>
    <test started-at="2025-04-03T23:09:52 IST" name="Default test" finished-at="2025-04-03T23:10:12 IST" duration-ms="20088">
      <class name="com.ShoppersStack_TestScripts.TC_002_Verify_User_Is_Able_to_delete_address_Or_not">
        <test-method is-config="true" signature="beforeSuite()[pri:0, instance:com.ShoppersStack_TestScripts.TC_002_Verify_User_Is_Able_to_delete_address_Or_not@3eb738bb]" started-at="2025-04-03T23:09:52 IST" name="beforeSuite" finished-at="2025-04-03T23:09:52 IST" duration-ms="17" status="PASS">
          <reporter-output>
          </reporter-output>
        </test-method> <!-- beforeSuite -->
        <test-method is-config="true" signature="beforeTest()[pri:0, instance:com.ShoppersStack_TestScripts.TC_002_Verify_User_Is_Able_to_delete_address_Or_not@3eb738bb]" started-at="2025-04-03T23:09:52 IST" name="beforeTest" finished-at="2025-04-03T23:09:52 IST" duration-ms="441" status="PASS">
          <reporter-output>
          </reporter-output>
        </test-method> <!-- beforeTest -->
        <test-method is-config="true" signature="beforeClass()[pri:0, instance:com.ShoppersStack_TestScripts.TC_002_Verify_User_Is_Able_to_delete_address_Or_not@3eb738bb]" started-at="2025-04-03T23:09:52 IST" name="beforeClass" finished-at="2025-04-03T23:09:56 IST" duration-ms="3814" status="PASS">
          <reporter-output>
          </reporter-output>
        </test-method> <!-- beforeClass -->
        <test-method is-config="true" signature="beforeMethod()[pri:0, instance:com.ShoppersStack_TestScripts.TC_002_Verify_User_Is_Able_to_delete_address_Or_not@3eb738bb]" started-at="2025-04-03T23:09:56 IST" name="beforeMethod" finished-at="2025-04-03T23:10:04 IST" duration-ms="8053" status="PASS">
          <reporter-output>
          </reporter-output>
        </test-method> <!-- beforeMethod -->
        <test-method signature="deleteAddress()[pri:0, instance:com.ShoppersStack_TestScripts.TC_002_Verify_User_Is_Able_to_delete_address_Or_not@3eb738bb]" started-at="2025-04-03T23:10:04 IST" name="deleteAddress" finished-at="2025-04-03T23:10:08 IST" duration-ms="4020" status="PASS">
          <reporter-output>
          </reporter-output>
        </test-method> <!-- deleteAddress -->
        <test-method is-config="true" signature="afterMethod()[pri:0, instance:com.ShoppersStack_TestScripts.TC_002_Verify_User_Is_Able_to_delete_address_Or_not@3eb738bb]" started-at="2025-04-03T23:10:08 IST" name="afterMethod" finished-at="2025-04-03T23:10:09 IST" duration-ms="946" status="PASS">
          <reporter-output>
          </reporter-output>
        </test-method> <!-- afterMethod -->
        <test-method is-config="true" signature="afterClass()[pri:0, instance:com.ShoppersStack_TestScripts.TC_002_Verify_User_Is_Able_to_delete_address_Or_not@3eb738bb]" started-at="2025-04-03T23:10:09 IST" name="afterClass" finished-at="2025-04-03T23:10:11 IST" duration-ms="2294" status="PASS">
          <reporter-output>
          </reporter-output>
        </test-method> <!-- afterClass -->
        <test-method is-config="true" signature="afterTest()[pri:0, instance:com.ShoppersStack_TestScripts.TC_002_Verify_User_Is_Able_to_delete_address_Or_not@3eb738bb]" started-at="2025-04-03T23:10:11 IST" name="afterTest" finished-at="2025-04-03T23:10:12 IST" duration-ms="453" status="PASS">
          <reporter-output>
          </reporter-output>
        </test-method> <!-- afterTest -->
        <test-method is-config="true" signature="afterSuite()[pri:0, instance:com.ShoppersStack_TestScripts.TC_002_Verify_User_Is_Able_to_delete_address_Or_not@3eb738bb]" started-at="2025-04-03T23:10:12 IST" name="afterSuite" finished-at="2025-04-03T23:10:12 IST" duration-ms="0" status="PASS">
          <reporter-output>
          </reporter-output>
        </test-method> <!-- afterSuite -->
      </class> <!-- com.ShoppersStack_TestScripts.TC_002_Verify_User_Is_Able_to_delete_address_Or_not -->
    </test> <!-- Default test -->
  </suite> <!-- Default suite -->
</testng-results>
